# JRE version: OpenJDK Runtime Environment Temurin-17.0.7+7 (17.0.7+7) (build 17.0.7+7)
# Java VM: OpenJDK 64-Bit Server VM Temurin-17.0.7+7 (17.0.7+7, mixed mode, sharing, tiered, compressed oops, compressed class ptrs, g1 gc, windows-amd64)
GC Precious Log:
 CPUs: 12 total, 12 available
 Memory: 16271M
 Large Page Support: Disabled
 NUMA Support: Disabled
 Compressed Oops: Enabled (Zero based)
 Heap Region Size: 2M
 Heap Min Capacity: 8M
 Heap Initial Capacity: 256M
 Heap Max Capacity: 3G
 Pre-touch: Disabled
 Parallel Workers: 10
 Concurrent Workers: 3
 Concurrent Refinement Workers: 10
 Periodic GC: Disabled
Heap:
 garbage-first heap   total 231424K, used 41764K [0x0000000740000000, 0x0000000800000000)
  region size 2048K, 3 young (6144K), 2 survivors (4096K)
 Metaspace       used 45571K, committed 46016K, reserved 1114112K
  class space    used 6280K, committed 6528K, reserved 1048576K
GC Heap History (20 events):
Event: 3.780 GC heap before
{Heap before GC invocations=6 (full 0):
 garbage-first heap   total 81920K, used 57179K [0x0000000740000000, 0x0000000800000000)
  region size 2048K, 17 young (34816K), 1 survivors (2048K)
 Metaspace       used 28845K, committed 29184K, reserved 1114112K
  class space    used 4240K, committed 4416K, reserved 1048576K
}
Event: 3.783 GC heap after
{Heap after GC invocations=7 (full 0):
 garbage-first heap   total 81920K, used 26694K [0x0000000740000000, 0x0000000800000000)
  region size 2048K, 2 young (4096K), 2 survivors (4096K)
 Metaspace       used 28845K, committed 29184K, reserved 1114112K
  class space    used 4240K, committed 4416K, reserved 1048576K
}
Event: 4.078 GC heap before
{Heap before GC invocations=7 (full 0):
 garbage-first heap   total 81920K, used 57414K [0x0000000740000000, 0x0000000800000000)
  region size 2048K, 18 young (36864K), 2 survivors (4096K)
 Metaspace       used 30335K, committed 30656K, reserved 1114112K
  class space    used 4435K, committed 4608K, reserved 1048576K
}
Event: 4.082 GC heap after
{Heap after GC invocations=8 (full 0):
 garbage-first heap   total 81920K, used 28274K [0x0000000740000000, 0x0000000800000000)
  region size 2048K, 3 young (6144K), 3 survivors (6144K)
 Metaspace       used 30335K, committed 30656K, reserved 1114112K
  class space    used 4435K, committed 4608K, reserved 1048576K
}
Event: 4.600 GC heap before
{Heap before GC invocations=8 (full 0):
 garbage-first heap   total 81920K, used 58994K [0x0000000740000000, 0x0000000800000000)
  region size 2048K, 19 young (38912K), 3 survivors (6144K)
 Metaspace       used 35614K, committed 35968K, reserved 1114112K
  class space    used 5003K, committed 5184K, reserved 1048576K
}
Event: 4.606 GC heap after
{Heap after GC invocations=9 (full 0):
 garbage-first heap   total 163840K, used 32141K [0x0000000740000000, 0x0000000800000000)
  region size 2048K, 3 young (6144K), 3 survivors (6144K)
 Metaspace       used 35614K, committed 35968K, reserved 1114112K
  class space    used 5003K, committed 5184K, reserved 1048576K
}
Event: 5.511 GC heap before
{Heap before GC invocations=10 (full 0):
 garbage-first heap   total 116736K, used 97677K [0x0000000740000000, 0x0000000800000000)
  region size 2048K, 34 young (69632K), 3 survivors (6144K)
 Metaspace       used 41861K, committed 42240K, reserved 1114112K
  class space    used 5762K, committed 5952K, reserved 1048576K
}
Event: 5.518 GC heap after
{Heap after GC invocations=11 (full 0):
 garbage-first heap   total 116736K, used 37472K [0x0000000740000000, 0x0000000800000000)
  region size 2048K, 5 young (10240K), 5 survivors (10240K)
 Metaspace       used 41861K, committed 42240K, reserved 1114112K
  class space    used 5762K, committed 5952K, reserved 1048576K
}
Event: 5.538 GC heap before
{Heap before GC invocations=11 (full 0):
 garbage-first heap   total 116736K, used 39520K [0x0000000740000000, 0x0000000800000000)
  region size 2048K, 6 young (12288K), 5 survivors (10240K)
 Metaspace       used 41890K, committed 42304K, reserved 1114112K
  class space    used 5766K, committed 6016K, reserved 1048576K
}
Event: 5.546 GC heap after
{Heap after GC invocations=12 (full 0):
 garbage-first heap   total 116736K, used 38095K [0x0000000740000000, 0x0000000800000000)
  region size 2048K, 1 young (2048K), 1 survivors (2048K)
 Metaspace       used 41890K, committed 42304K, reserved 1114112K
  class space    used 5766K, committed 6016K, reserved 1048576K
}
Event: 6.157 GC heap before
{Heap before GC invocations=12 (full 0):
 garbage-first heap   total 116736K, used 93391K [0x0000000740000000, 0x0000000800000000)
  region size 2048K, 26 young (53248K), 1 survivors (2048K)
 Metaspace       used 45372K, committed 45888K, reserved 1114112K
  class space    used 6278K, committed 6528K, reserved 1048576K
}
Event: 6.160 GC heap after
{Heap after GC invocations=13 (full 0):
 garbage-first heap   total 116736K, used 41970K [0x0000000740000000, 0x0000000800000000)
  region size 2048K, 2 young (4096K), 2 survivors (4096K)
 Metaspace       used 45372K, committed 45888K, reserved 1114112K
  class space    used 6278K, committed 6528K, reserved 1048576K
}
Event: 6.280 GC heap before
{Heap before GC invocations=13 (full 0):
 garbage-first heap   total 116736K, used 89074K [0x0000000740000000, 0x0000000800000000)
  region size 2048K, 26 young (53248K), 2 survivors (4096K)
 Metaspace       used 45508K, committed 45952K, reserved 1114112K
  class space    used 6280K, committed 6528K, reserved 1048576K
}
Event: 6.283 GC heap after
{Heap after GC invocations=14 (full 0):
 garbage-first heap   total 116736K, used 42323K [0x0000000740000000, 0x0000000800000000)
  region size 2048K, 2 young (4096K), 2 survivors (4096K)
 Metaspace       used 45508K, committed 45952K, reserved 1114112K
  class space    used 6280K, committed 6528K, reserved 1048576K
}
Event: 6.373 GC heap before
{Heap before GC invocations=14 (full 0):
 garbage-first heap   total 116736K, used 91475K [0x0000000740000000, 0x0000000800000000)
  region size 2048K, 27 young (55296K), 2 survivors (4096K)
 Metaspace       used 45537K, committed 46016K, reserved 1114112K
  class space    used 6280K, committed 6528K, reserved 1048576K
}
Event: 6.376 GC heap after
{Heap after GC invocations=15 (full 0):
 garbage-first heap   total 116736K, used 42273K [0x0000000740000000, 0x0000000800000000)
  region size 2048K, 2 young (4096K), 2 survivors (4096K)
 Metaspace       used 45537K, committed 46016K, reserved 1114112K
  class space    used 6280K, committed 6528K, reserved 1048576K
}
Event: 6.476 GC heap before
{Heap before GC invocations=15 (full 0):
 garbage-first heap   total 116736K, used 93473K [0x0000000740000000, 0x0000000800000000)
  region size 2048K, 28 young (57344K), 2 survivors (4096K)
 Metaspace       used 45550K, committed 46016K, reserved 1114112K
  class space    used 6280K, committed 6528K, reserved 1048576K
}
Event: 6.478 GC heap after
{Heap after GC invocations=16 (full 0):
 garbage-first heap   total 116736K, used 41994K [0x0000000740000000, 0x0000000800000000)
  region size 2048K, 2 young (4096K), 2 survivors (4096K)
 Metaspace       used 45550K, committed 46016K, reserved 1114112K
  class space    used 6280K, committed 6528K, reserved 1048576K
}
Event: 6.584 GC heap before
{Heap before GC invocations=16 (full 0):
 garbage-first heap   total 116736K, used 93194K [0x0000000740000000, 0x0000000800000000)
  region size 2048K, 28 young (57344K), 2 survivors (4096K)
 Metaspace       used 45563K, committed 46016K, reserved 1114112K
  class space    used 6280K, committed 6528K, reserved 1048576K
}
Event: 6.587 GC heap after
{Heap after GC invocations=17 (full 0):
 garbage-first heap   total 231424K, used 42245K [0x0000000740000000, 0x0000000800000000)
  region size 2048K, 2 young (4096K), 2 survivors (4096K)
 Metaspace       used 45563K, committed 46016K, reserved 1114112K
  class space    used 6280K, committed 6528K, reserved 1048576K
}

