# JRE version: OpenJDK Runtime Environment Temurin-17.0.7+7 (17.0.7+7) (build 17.0.7+7)
# Java VM: OpenJDK 64-Bit Server VM Temurin-17.0.7+7 (17.0.7+7, mixed mode, sharing, tiered, compressed oops, compressed class ptrs, g1 gc, windows-amd64)
GC Precious Log:
 CPUs: 12 total, 12 available
 Memory: 16271M
 Large Page Support: Disabled
 NUMA Support: Disabled
 Compressed Oops: Enabled (Zero based)
 Heap Region Size: 2M
 Heap Min Capacity: 8M
 Heap Initial Capacity: 256M
 Heap Max Capacity: 3G
 Pre-touch: Disabled
 Parallel Workers: 10
 Concurrent Workers: 3
 Concurrent Refinement Workers: 10
 Periodic GC: Disabled
Heap:
 garbage-first heap   total 262144K, used 58610K [0x0000000740000000, 0x0000000800000000)
  region size 2048K, 3 young (6144K), 3 survivors (6144K)
 Metaspace       used 57944K, committed 58432K, reserved 1114112K
  class space    used 7568K, committed 7808K, reserved 1048576K
GC Heap History (20 events):
Event: 5.242 GC heap after
{Heap after GC invocations=12 (full 0):
 garbage-first heap   total 186368K, used 36795K [0x0000000740000000, 0x0000000800000000)
  region size 2048K, 2 young (4096K), 2 survivors (4096K)
 Metaspace       used 38641K, committed 39040K, reserved 1114112K
  class space    used 5314K, committed 5504K, reserved 1048576K
}
Event: 5.618 GC heap before
{Heap before GC invocations=13 (full 0):
 garbage-first heap   total 151552K, used 122811K [0x0000000740000000, 0x0000000800000000)
  region size 2048K, 44 young (90112K), 2 survivors (4096K)
 Metaspace       used 38645K, committed 39040K, reserved 1114112K
  class space    used 5310K, committed 5504K, reserved 1048576K
}
Event: 5.624 GC heap after
{Heap after GC invocations=14 (full 0):
 garbage-first heap   total 151552K, used 40075K [0x0000000740000000, 0x0000000800000000)
  region size 2048K, 3 young (6144K), 3 survivors (6144K)
 Metaspace       used 38645K, committed 39040K, reserved 1114112K
  class space    used 5310K, committed 5504K, reserved 1048576K
}
Event: 5.634 GC heap before
{Heap before GC invocations=14 (full 0):
 garbage-first heap   total 151552K, used 42123K [0x0000000740000000, 0x0000000800000000)
  region size 2048K, 4 young (8192K), 3 survivors (6144K)
 Metaspace       used 38645K, committed 39040K, reserved 1114112K
  class space    used 5310K, committed 5504K, reserved 1048576K
}
Event: 5.639 GC heap after
{Heap after GC invocations=15 (full 0):
 garbage-first heap   total 151552K, used 39826K [0x0000000740000000, 0x0000000800000000)
  region size 2048K, 1 young (2048K), 1 survivors (2048K)
 Metaspace       used 38645K, committed 39040K, reserved 1114112K
  class space    used 5310K, committed 5504K, reserved 1048576K
}
Event: 6.374 GC heap before
{Heap before GC invocations=15 (full 0):
 garbage-first heap   total 151552K, used 111506K [0x0000000740000000, 0x0000000800000000)
  region size 2048K, 36 young (73728K), 1 survivors (2048K)
 Metaspace       used 41141K, committed 41536K, reserved 1114112K
  class space    used 5637K, committed 5824K, reserved 1048576K
}
Event: 6.379 GC heap after
{Heap after GC invocations=16 (full 0):
 garbage-first heap   total 151552K, used 43813K [0x0000000740000000, 0x0000000800000000)
  region size 2048K, 3 young (6144K), 3 survivors (6144K)
 Metaspace       used 41141K, committed 41536K, reserved 1114112K
  class space    used 5637K, committed 5824K, reserved 1048576K
}
Event: 6.960 GC heap before
{Heap before GC invocations=16 (full 0):
 garbage-first heap   total 151552K, used 113445K [0x0000000740000000, 0x0000000800000000)
  region size 2048K, 37 young (75776K), 3 survivors (6144K)
 Metaspace       used 44160K, committed 44608K, reserved 1114112K
  class space    used 6002K, committed 6208K, reserved 1048576K
}
Event: 6.964 GC heap after
{Heap after GC invocations=17 (full 0):
 garbage-first heap   total 151552K, used 46442K [0x0000000740000000, 0x0000000800000000)
  region size 2048K, 4 young (8192K), 4 survivors (8192K)
 Metaspace       used 44160K, committed 44608K, reserved 1114112K
  class space    used 6002K, committed 6208K, reserved 1048576K
}
Event: 7.190 GC heap before
{Heap before GC invocations=17 (full 0):
 garbage-first heap   total 151552K, used 116074K [0x0000000740000000, 0x0000000800000000)
  region size 2048K, 38 young (77824K), 4 survivors (8192K)
 Metaspace       used 44211K, committed 44672K, reserved 1114112K
  class space    used 6002K, committed 6208K, reserved 1048576K
}
Event: 7.195 GC heap after
{Heap after GC invocations=18 (full 0):
 garbage-first heap   total 151552K, used 47097K [0x0000000740000000, 0x0000000800000000)
  region size 2048K, 2 young (4096K), 2 survivors (4096K)
 Metaspace       used 44211K, committed 44672K, reserved 1114112K
  class space    used 6002K, committed 6208K, reserved 1048576K
}
Event: 8.354 GC heap before
{Heap before GC invocations=18 (full 0):
 garbage-first heap   total 151552K, used 118777K [0x0000000740000000, 0x0000000800000000)
  region size 2048K, 37 young (75776K), 2 survivors (4096K)
 Metaspace       used 52243K, committed 52736K, reserved 1114112K
  class space    used 7081K, committed 7296K, reserved 1048576K
}
Event: 8.360 GC heap after
{Heap after GC invocations=19 (full 0):
 garbage-first heap   total 151552K, used 50913K [0x0000000740000000, 0x0000000800000000)
  region size 2048K, 4 young (8192K), 4 survivors (8192K)
 Metaspace       used 52243K, committed 52736K, reserved 1114112K
  class space    used 7081K, committed 7296K, reserved 1048576K
}
Event: 25.275 GC heap before
{Heap before GC invocations=19 (full 0):
 garbage-first heap   total 151552K, used 118497K [0x0000000740000000, 0x0000000800000000)
  region size 2048K, 37 young (75776K), 4 survivors (8192K)
 Metaspace       used 56824K, committed 57344K, reserved 1114112K
  class space    used 7510K, committed 7744K, reserved 1048576K
}
Event: 25.282 GC heap after
{Heap after GC invocations=20 (full 0):
 garbage-first heap   total 151552K, used 54533K [0x0000000740000000, 0x0000000800000000)
  region size 2048K, 5 young (10240K), 5 survivors (10240K)
 Metaspace       used 56824K, committed 57344K, reserved 1114112K
  class space    used 7510K, committed 7744K, reserved 1048576K
}
Event: 42.327 GC heap before
{Heap before GC invocations=20 (full 0):
 garbage-first heap   total 151552K, used 120069K [0x0000000740000000, 0x0000000800000000)
  region size 2048K, 37 young (75776K), 5 survivors (10240K)
 Metaspace       used 57782K, committed 58304K, reserved 1114112K
  class space    used 7568K, committed 7808K, reserved 1048576K
}
Event: 42.332 GC heap after
{Heap after GC invocations=21 (full 0):
 garbage-first heap   total 151552K, used 55991K [0x0000000740000000, 0x0000000800000000)
  region size 2048K, 3 young (6144K), 3 survivors (6144K)
 Metaspace       used 57782K, committed 58304K, reserved 1114112K
  class space    used 7568K, committed 7808K, reserved 1048576K
}
Event: 42.481 GC heap before
{Heap before GC invocations=21 (full 0):
 garbage-first heap   total 151552K, used 121527K [0x0000000740000000, 0x0000000800000000)
  region size 2048K, 35 young (71680K), 3 survivors (6144K)
 Metaspace       used 57891K, committed 58368K, reserved 1114112K
  class space    used 7568K, committed 7808K, reserved 1048576K
}
Event: 42.485 GC heap after
{Heap after GC invocations=22 (full 0):
 garbage-first heap   total 151552K, used 56119K [0x0000000740000000, 0x0000000800000000)
  region size 2048K, 3 young (6144K), 3 survivors (6144K)
 Metaspace       used 57891K, committed 58368K, reserved 1114112K
  class space    used 7568K, committed 7808K, reserved 1048576K
}
Event: 42.671 GC heap before
{Heap before GC invocations=22 (full 0):
 garbage-first heap   total 151552K, used 127799K [0x0000000740000000, 0x0000000800000000)
  region size 2048K, 36 young (73728K), 3 survivors (6144K)
 Metaspace       used 57944K, committed 58432K, reserved 1114112K
  class space    used 7568K, committed 7808K, reserved 1048576K
}

